<?xml version="1.0" encoding="UTF-8"?>
<!-- Generated by org.testng.reporters.JUnitReportReporter -->
<testsuite hostname="tantawy" failures="0" tests="1" name="pom.HomePage" time="0.000" errors="0" timestamp="2022-06-01T12:07:27 EET" skipped="1">
  <testcase classname="pom.HomePage" name="ClickOnSignin" time="0.000">
    <skipped/>
  </testcase> <!-- ClickOnSignin -->
  <system-out/>
</testsuite> <!-- pom.HomePage -->
