<?xml version="1.0" encoding="UTF-8"?>
<!-- Generated by org.testng.reporters.JUnitReportReporter -->
<testsuite hostname="tantawy" failures="0" tests="5" name="start" time="33.962" errors="0" timestamp="2022-06-03T17:42:04 EET" skipped="0">
  <testcase classname="start" name="Signin" time="1.690"/>
  <system-out/>
  <testcase classname="start" name="valid" time="0.834"/>
  <system-out/>
  <testcase classname="start" name="Regiset" time="8.671"/>
  <system-out/>
  <testcase classname="start" name="search" time="1.862"/>
  <system-out/>
  <testcase classname="start" name="buyitem" time="20.905"/>
  <system-out/>
</testsuite> <!-- start -->
